<?xml version="1.0" encoding="UTF-8"?>
<!-- Generated by org.testng.reporters.JUnitReportReporter -->
<testsuite skipped="0" hostname="LAPTOP-7FK2K4TV" name="org.testRunners.TestRunnerWithTestNG" tests="1" failures="0" timestamp="2022-06-21T11:54:00 IST" time="13.106" errors="0">
  <testcase name="runScenario" time="13.106" classname="org.testRunners.TestRunnerWithTestNG"/>
  <system-out/>
</testsuite> <!-- org.testRunners.TestRunnerWithTestNG -->
